<?xml version="1.0" encoding="UTF-8"?>
<testng-results ignored="0" total="1" passed="1" failed="0" skipped="0">
  <reporter-output>
  </reporter-output>
  <suite started-at="2023-12-23T20:51:02 IST" name="Suite" finished-at="2023-12-23T20:51:09 IST" duration-ms="7276">
    <groups>
    </groups>
    <test started-at="2023-12-23T20:51:02 IST" name="Test" finished-at="2023-12-23T20:51:09 IST" duration-ms="7276">
      <class name="textboxTests.SubmitFormTest">
        <test-method is-config="true" signature="setUp()[pri:0, instance:textboxTests.SubmitFormTest@7a69b07]" started-at="2023-12-23T20:51:02 IST" name="setUp" finished-at="2023-12-23T20:51:08 IST" duration-ms="5274" status="PASS">
          <reporter-output>
          </reporter-output>
        </test-method> <!-- setUp -->
        <test-method signature="SubmitForm_TC()[pri:0, instance:textboxTests.SubmitFormTest@7a69b07]" started-at="2023-12-23T20:51:08 IST" name="SubmitForm_TC" finished-at="2023-12-23T20:51:09 IST" duration-ms="1434" status="PASS">
          <reporter-output>
          </reporter-output>
        </test-method> <!-- SubmitForm_TC -->
        <test-method is-config="true" signature="tearDown()[pri:0, instance:textboxTests.SubmitFormTest@7a69b07]" started-at="2023-12-23T20:51:09 IST" name="tearDown" finished-at="2023-12-23T20:51:09 IST" duration-ms="476" status="PASS">
          <reporter-output>
          </reporter-output>
        </test-method> <!-- tearDown -->
      </class> <!-- textboxTests.SubmitFormTest -->
    </test> <!-- Test -->
  </suite> <!-- Suite -->
</testng-results>
