<?xml version="1.0" encoding="UTF-8"?>
<testng-results ignored="0" total="1" passed="1" failed="0" skipped="0">
  <reporter-output>
  </reporter-output>
  <suite started-at="2023-12-23T20:18:54 IST" name="Default suite" finished-at="2023-12-23T20:19:01 IST" duration-ms="7340">
    <groups>
    </groups>
    <test started-at="2023-12-23T20:18:54 IST" name="Default test" finished-at="2023-12-23T20:19:01 IST" duration-ms="7340">
      <class name="textboxTests.SubmitFormTest">
        <test-method is-config="true" signature="setUp()[pri:0, instance:textboxTests.SubmitFormTest@73e9cf30]" started-at="2023-12-23T20:18:54 IST" name="setUp" finished-at="2023-12-23T20:18:59 IST" duration-ms="5801" status="PASS">
          <reporter-output>
          </reporter-output>
        </test-method> <!-- setUp -->
        <test-method signature="SubmitForm_TC()[pri:0, instance:textboxTests.SubmitFormTest@73e9cf30]" started-at="2023-12-23T20:19:00 IST" name="SubmitForm_TC" finished-at="2023-12-23T20:19:01 IST" duration-ms="1457" status="PASS">
          <reporter-output>
          </reporter-output>
        </test-method> <!-- SubmitForm_TC -->
      </class> <!-- textboxTests.SubmitFormTest -->
    </test> <!-- Default test -->
  </suite> <!-- Default suite -->
</testng-results>
