<?xml version="1.0" encoding="UTF-8"?>
<testng-results ignored="0" total="1" passed="1" failed="0" skipped="0">
  <reporter-output>
  </reporter-output>
  <suite started-at="2023-12-23T16:37:01 IST" name="Default suite" finished-at="2023-12-23T16:37:09 IST" duration-ms="8718">
    <groups>
    </groups>
    <test started-at="2023-12-23T16:37:01 IST" name="Default test" finished-at="2023-12-23T16:37:09 IST" duration-ms="8718">
      <class name="tests.LaunchBrowser">
        <test-method is-config="true" signature="setUp()[pri:0, instance:tests.LaunchBrowser@2d52216b]" started-at="2023-12-23T16:37:01 IST" name="setUp" finished-at="2023-12-23T16:37:09 IST" duration-ms="7896" status="PASS">
          <reporter-output>
          </reporter-output>
        </test-method> <!-- setUp -->
        <test-method signature="tc1()[pri:0, instance:tests.LaunchBrowser@2d52216b]" started-at="2023-12-23T16:37:09 IST" name="tc1" finished-at="2023-12-23T16:37:09 IST" duration-ms="11" status="PASS">
          <reporter-output>
          </reporter-output>
        </test-method> <!-- tc1 -->
        <test-method is-config="true" signature="tearDown()[pri:0, instance:tests.LaunchBrowser@2d52216b]" started-at="2023-12-23T16:37:09 IST" name="tearDown" finished-at="2023-12-23T16:37:09 IST" duration-ms="698" status="PASS">
          <reporter-output>
          </reporter-output>
        </test-method> <!-- tearDown -->
      </class> <!-- tests.LaunchBrowser -->
    </test> <!-- Default test -->
  </suite> <!-- Default suite -->
</testng-results>
